-------------------------------------------------------------------------------
Test set: com.br.GovernmentAgencyApiApplicationTests
-------------------------------------------------------------------------------
Tests run: 1, Failures: 0, Errors: 1, Skipped: 0, Time elapsed: 5.023 s <<< FAILURE! - in com.br.GovernmentAgencyApiApplicationTests
contextLoads  Time elapsed: 0.002 s  <<< ERROR!
java.lang.IllegalStateException: Failed to load ApplicationContext
Caused by: org.springframework.beans.factory.UnsatisfiedDependencyException: Error creating bean with name 'addressController': Unsatisfied dependency expressed through field 'addressService'; nested exception is org.springframework.beans.factory.UnsatisfiedDependencyException: Error creating bean with name 'addressServiceImpl': Unsatisfied dependency expressed through field 'addressRepository'; nested exception is org.springframework.beans.factory.BeanCreationException: Error creating bean with name 'addressRepository' defined in com.br.domain.repository.AddressRepository defined in @EnableJpaRepositories declared on JpaRepositoriesRegistrar.EnableJpaRepositoriesConfiguration: Invocation of init method failed; nested exception is java.lang.IllegalArgumentException: The given domain class does not contain an id attribute!
Caused by: org.springframework.beans.factory.UnsatisfiedDependencyException: Error creating bean with name 'addressServiceImpl': Unsatisfied dependency expressed through field 'addressRepository'; nested exception is org.springframework.beans.factory.BeanCreationException: Error creating bean with name 'addressRepository' defined in com.br.domain.repository.AddressRepository defined in @EnableJpaRepositories declared on JpaRepositoriesRegistrar.EnableJpaRepositoriesConfiguration: Invocation of init method failed; nested exception is java.lang.IllegalArgumentException: The given domain class does not contain an id attribute!
Caused by: org.springframework.beans.factory.BeanCreationException: Error creating bean with name 'addressRepository' defined in com.br.domain.repository.AddressRepository defined in @EnableJpaRepositories declared on JpaRepositoriesRegistrar.EnableJpaRepositoriesConfiguration: Invocation of init method failed; nested exception is java.lang.IllegalArgumentException: The given domain class does not contain an id attribute!
Caused by: java.lang.IllegalArgumentException: The given domain class does not contain an id attribute!

